
========================[ May 24, 2018  2:21 PM ]========================
Version 2.2.26 [Sep-21-2011]
Started database file "preprocessed_fasta/CH-MetaSPADES.fasta"
Formatted 44994 sequences in volume 0
SUCCESS: formatted database preprocessed_fasta/CH-MetaSPADES.fasta

========================[ May 24, 2018  2:21 PM ]========================
Version 2.2.26 [Sep-21-2011]
Started database file "preprocessed_fasta/BM-MetaSPADES.fasta"
Formatted 12596 sequences in volume 0
SUCCESS: formatted database preprocessed_fasta/BM-MetaSPADES.fasta

========================[ May 24, 2018  2:21 PM ]========================
Version 2.2.26 [Sep-21-2011]
Started database file "preprocessed_fasta/BM-CLC.fasta"
Formatted 6619 sequences in volume 0
SUCCESS: formatted database preprocessed_fasta/BM-CLC.fasta

========================[ May 24, 2018  2:21 PM ]========================
Version 2.2.26 [Sep-21-2011]
Started database file "preprocessed_fasta/BM-MEGAHIT.fasta"
Formatted 4636 sequences in volume 0
SUCCESS: formatted database preprocessed_fasta/BM-MEGAHIT.fasta

========================[ May 24, 2018  2:21 PM ]========================
Version 2.2.26 [Sep-21-2011]
Started database file "preprocessed_fasta/SH-Cluster.fasta"
Formatted 3794 sequences in volume 0
SUCCESS: formatted database preprocessed_fasta/SH-Cluster.fasta

========================[ May 24, 2018  2:24 PM ]========================
Version 2.2.26 [Sep-21-2011]
Started database file "preprocessed_fasta/CH-MetaSPADES.fasta"
Formatted 44994 sequences in volume 0
SUCCESS: formatted database preprocessed_fasta/CH-MetaSPADES.fasta

========================[ May 24, 2018  2:24 PM ]========================
Version 2.2.26 [Sep-21-2011]
Started database file "preprocessed_fasta/BM-MetaSPADES.fasta"
Formatted 12596 sequences in volume 0
SUCCESS: formatted database preprocessed_fasta/BM-MetaSPADES.fasta

========================[ May 24, 2018  2:24 PM ]========================
Version 2.2.26 [Sep-21-2011]
Started database file "preprocessed_fasta/BM-CLC.fasta"
Formatted 6619 sequences in volume 0
SUCCESS: formatted database preprocessed_fasta/BM-CLC.fasta

========================[ May 24, 2018  2:24 PM ]========================
Version 2.2.26 [Sep-21-2011]
Started database file "preprocessed_fasta/BM-MEGAHIT.fasta"
Formatted 4636 sequences in volume 0
SUCCESS: formatted database preprocessed_fasta/BM-MEGAHIT.fasta

========================[ May 24, 2018  2:24 PM ]========================
Version 2.2.26 [Sep-21-2011]
Started database file "preprocessed_fasta/SH-Cluster.fasta"
Formatted 3794 sequences in volume 0
SUCCESS: formatted database preprocessed_fasta/SH-Cluster.fasta

========================[ May 24, 2018  2:25 PM ]========================
Version 2.2.26 [Sep-21-2011]
Started database file "preprocessed_fasta/CH-MetaSPADES.fasta"
Formatted 44994 sequences in volume 0
SUCCESS: formatted database preprocessed_fasta/CH-MetaSPADES.fasta

========================[ May 24, 2018  2:25 PM ]========================
Version 2.2.26 [Sep-21-2011]
Started database file "preprocessed_fasta/BM-MetaSPADES.fasta"
Formatted 12596 sequences in volume 0
SUCCESS: formatted database preprocessed_fasta/BM-MetaSPADES.fasta

========================[ May 24, 2018  2:25 PM ]========================
Version 2.2.26 [Sep-21-2011]
Started database file "preprocessed_fasta/BM-CLC.fasta"
Formatted 6619 sequences in volume 0
SUCCESS: formatted database preprocessed_fasta/BM-CLC.fasta

========================[ May 24, 2018  2:25 PM ]========================
Version 2.2.26 [Sep-21-2011]
Started database file "preprocessed_fasta/BM-MEGAHIT.fasta"
Formatted 4636 sequences in volume 0
SUCCESS: formatted database preprocessed_fasta/BM-MEGAHIT.fasta

========================[ May 24, 2018  2:25 PM ]========================
Version 2.2.26 [Sep-21-2011]
Started database file "preprocessed_fasta/SH-Cluster.fasta"
Formatted 3794 sequences in volume 0
SUCCESS: formatted database preprocessed_fasta/SH-Cluster.fasta

========================[ May 24, 2018  2:26 PM ]========================
Version 2.2.26 [Sep-21-2011]
Started database file "preprocessed_fasta/CH-MetaSPADES.fasta"
Formatted 44994 sequences in volume 0
SUCCESS: formatted database preprocessed_fasta/CH-MetaSPADES.fasta

========================[ May 24, 2018  2:26 PM ]========================
Version 2.2.26 [Sep-21-2011]
Started database file "preprocessed_fasta/BM-MetaSPADES.fasta"
Formatted 12596 sequences in volume 0
SUCCESS: formatted database preprocessed_fasta/BM-MetaSPADES.fasta

========================[ May 24, 2018  2:26 PM ]========================
Version 2.2.26 [Sep-21-2011]
Started database file "preprocessed_fasta/BM-CLC.fasta"
Formatted 6619 sequences in volume 0
SUCCESS: formatted database preprocessed_fasta/BM-CLC.fasta

========================[ May 24, 2018  2:26 PM ]========================
Version 2.2.26 [Sep-21-2011]
Started database file "preprocessed_fasta/BM-MEGAHIT.fasta"
Formatted 4636 sequences in volume 0
SUCCESS: formatted database preprocessed_fasta/BM-MEGAHIT.fasta

========================[ May 24, 2018  2:26 PM ]========================
Version 2.2.26 [Sep-21-2011]
Started database file "preprocessed_fasta/SH-Cluster.fasta"
Formatted 3794 sequences in volume 0
SUCCESS: formatted database preprocessed_fasta/SH-Cluster.fasta

========================[ May 24, 2018  2:48 PM ]========================
Version 2.2.26 [Sep-21-2011]
Started database file "preprocessed_fasta/CH-MetaSPADES.fasta"
Formatted 44994 sequences in volume 0
SUCCESS: formatted database preprocessed_fasta/CH-MetaSPADES.fasta

========================[ May 24, 2018  2:48 PM ]========================
Version 2.2.26 [Sep-21-2011]
Started database file "preprocessed_fasta/BM-MetaSPADES.fasta"
Formatted 12596 sequences in volume 0
SUCCESS: formatted database preprocessed_fasta/BM-MetaSPADES.fasta

========================[ May 24, 2018  2:48 PM ]========================
Version 2.2.26 [Sep-21-2011]
Started database file "preprocessed_fasta/BM-CLC.fasta"
Formatted 6619 sequences in volume 0
SUCCESS: formatted database preprocessed_fasta/BM-CLC.fasta

========================[ May 24, 2018  2:48 PM ]========================
Version 2.2.26 [Sep-21-2011]
Started database file "preprocessed_fasta/BM-MEGAHIT.fasta"
Formatted 4636 sequences in volume 0
SUCCESS: formatted database preprocessed_fasta/BM-MEGAHIT.fasta

========================[ May 24, 2018  2:48 PM ]========================
Version 2.2.26 [Sep-21-2011]
Started database file "preprocessed_fasta/SH-Cluster.fasta"
Formatted 3794 sequences in volume 0
SUCCESS: formatted database preprocessed_fasta/SH-Cluster.fasta

========================[ May 28, 2018 11:28 AM ]========================
Version 2.2.26 [Sep-21-2011]
Started database file "preprocessed_fasta/CH-MetaSPADES.fasta"
Formatted 44994 sequences in volume 0
SUCCESS: formatted database preprocessed_fasta/CH-MetaSPADES.fasta

========================[ May 28, 2018 11:28 AM ]========================
Version 2.2.26 [Sep-21-2011]
Started database file "preprocessed_fasta/BM-MetaSPADES.fasta"
Formatted 12596 sequences in volume 0
SUCCESS: formatted database preprocessed_fasta/BM-MetaSPADES.fasta

========================[ May 28, 2018 11:28 AM ]========================
Version 2.2.26 [Sep-21-2011]
Started database file "preprocessed_fasta/BM-CLC.fasta"
Formatted 6619 sequences in volume 0
SUCCESS: formatted database preprocessed_fasta/BM-CLC.fasta

========================[ May 28, 2018 11:28 AM ]========================
Version 2.2.26 [Sep-21-2011]
Started database file "preprocessed_fasta/BM-MEGAHIT.fasta"
Formatted 4636 sequences in volume 0
SUCCESS: formatted database preprocessed_fasta/BM-MEGAHIT.fasta

========================[ May 28, 2018 11:28 AM ]========================
Version 2.2.26 [Sep-21-2011]
Started database file "preprocessed_fasta/SH-Cluster.fasta"
Formatted 3794 sequences in volume 0
SUCCESS: formatted database preprocessed_fasta/SH-Cluster.fasta

========================[ May 28, 2018 11:30 AM ]========================
Version 2.2.26 [Sep-21-2011]
Started database file "preprocessed_fasta/CH-MetaSPADES.fasta"
Formatted 44994 sequences in volume 0
SUCCESS: formatted database preprocessed_fasta/CH-MetaSPADES.fasta

========================[ May 28, 2018 11:30 AM ]========================
Version 2.2.26 [Sep-21-2011]
Started database file "preprocessed_fasta/BM-MetaSPADES.fasta"
Formatted 12596 sequences in volume 0
SUCCESS: formatted database preprocessed_fasta/BM-MetaSPADES.fasta

========================[ May 28, 2018 11:30 AM ]========================
Version 2.2.26 [Sep-21-2011]
Started database file "preprocessed_fasta/BM-CLC.fasta"
Formatted 6619 sequences in volume 0
SUCCESS: formatted database preprocessed_fasta/BM-CLC.fasta

========================[ May 28, 2018 11:30 AM ]========================
Version 2.2.26 [Sep-21-2011]
Started database file "preprocessed_fasta/BM-MEGAHIT.fasta"
Formatted 4636 sequences in volume 0
SUCCESS: formatted database preprocessed_fasta/BM-MEGAHIT.fasta

========================[ May 28, 2018 11:30 AM ]========================
Version 2.2.26 [Sep-21-2011]
Started database file "preprocessed_fasta/SH-Cluster.fasta"
Formatted 3794 sequences in volume 0
SUCCESS: formatted database preprocessed_fasta/SH-Cluster.fasta

========================[ May 28, 2018 11:30 AM ]========================
Version 2.2.26 [Sep-21-2011]
Started database file "preprocessed_fasta/CH-MetaSPADES.fasta"
Formatted 44994 sequences in volume 0
SUCCESS: formatted database preprocessed_fasta/CH-MetaSPADES.fasta

========================[ May 28, 2018 11:30 AM ]========================
Version 2.2.26 [Sep-21-2011]
Started database file "preprocessed_fasta/BM-MetaSPADES.fasta"
Formatted 12596 sequences in volume 0
SUCCESS: formatted database preprocessed_fasta/BM-MetaSPADES.fasta

========================[ May 28, 2018 11:30 AM ]========================
Version 2.2.26 [Sep-21-2011]
Started database file "preprocessed_fasta/BM-CLC.fasta"
Formatted 6619 sequences in volume 0
SUCCESS: formatted database preprocessed_fasta/BM-CLC.fasta

========================[ May 28, 2018 11:30 AM ]========================
Version 2.2.26 [Sep-21-2011]
Started database file "preprocessed_fasta/BM-MEGAHIT.fasta"
Formatted 4636 sequences in volume 0
SUCCESS: formatted database preprocessed_fasta/BM-MEGAHIT.fasta

========================[ May 28, 2018 11:30 AM ]========================
Version 2.2.26 [Sep-21-2011]
Started database file "preprocessed_fasta/SH-Cluster.fasta"
Formatted 3794 sequences in volume 0
SUCCESS: formatted database preprocessed_fasta/SH-Cluster.fasta

========================[ May 28, 2018 11:32 AM ]========================
Version 2.2.26 [Sep-21-2011]
Started database file "preprocessed_fasta/CH-MetaSPADES.fasta"
Formatted 44994 sequences in volume 0
SUCCESS: formatted database preprocessed_fasta/CH-MetaSPADES.fasta

========================[ May 28, 2018 11:32 AM ]========================
Version 2.2.26 [Sep-21-2011]
Started database file "preprocessed_fasta/BM-MetaSPADES.fasta"
Formatted 12596 sequences in volume 0
SUCCESS: formatted database preprocessed_fasta/BM-MetaSPADES.fasta

========================[ May 28, 2018 11:32 AM ]========================
Version 2.2.26 [Sep-21-2011]
Started database file "preprocessed_fasta/BM-CLC.fasta"
Formatted 6619 sequences in volume 0
SUCCESS: formatted database preprocessed_fasta/BM-CLC.fasta

========================[ May 28, 2018 11:32 AM ]========================
Version 2.2.26 [Sep-21-2011]
Started database file "preprocessed_fasta/BM-MEGAHIT.fasta"
Formatted 4636 sequences in volume 0
SUCCESS: formatted database preprocessed_fasta/BM-MEGAHIT.fasta

========================[ May 28, 2018 11:32 AM ]========================
Version 2.2.26 [Sep-21-2011]
Started database file "preprocessed_fasta/SH-Cluster.fasta"
Formatted 3794 sequences in volume 0
SUCCESS: formatted database preprocessed_fasta/SH-Cluster.fasta

========================[ May 28, 2018 11:36 AM ]========================
Version 2.2.26 [Sep-21-2011]
Started database file "preprocessed_fasta/CH-MetaSPADES.fasta"
Formatted 44994 sequences in volume 0
SUCCESS: formatted database preprocessed_fasta/CH-MetaSPADES.fasta

========================[ May 28, 2018 11:36 AM ]========================
Version 2.2.26 [Sep-21-2011]
Started database file "preprocessed_fasta/BM-MetaSPADES.fasta"
Formatted 12596 sequences in volume 0
SUCCESS: formatted database preprocessed_fasta/BM-MetaSPADES.fasta

========================[ May 28, 2018 11:36 AM ]========================
Version 2.2.26 [Sep-21-2011]
Started database file "preprocessed_fasta/BM-CLC.fasta"
Formatted 6619 sequences in volume 0
SUCCESS: formatted database preprocessed_fasta/BM-CLC.fasta

========================[ May 28, 2018 11:36 AM ]========================
Version 2.2.26 [Sep-21-2011]
Started database file "preprocessed_fasta/BM-MEGAHIT.fasta"
Formatted 4636 sequences in volume 0
SUCCESS: formatted database preprocessed_fasta/BM-MEGAHIT.fasta

========================[ May 28, 2018 11:36 AM ]========================
Version 2.2.26 [Sep-21-2011]
Started database file "preprocessed_fasta/SH-Cluster.fasta"
Formatted 3794 sequences in volume 0
SUCCESS: formatted database preprocessed_fasta/SH-Cluster.fasta

========================[ Jun 1, 2018 11:15 AM ]========================
Version 2.2.26 [Sep-21-2011]
Started database file "preprocessed_fasta/CH-MetaSPADES.fasta"
Formatted 44994 sequences in volume 0
SUCCESS: formatted database preprocessed_fasta/CH-MetaSPADES.fasta

========================[ Jun 1, 2018 11:15 AM ]========================
Version 2.2.26 [Sep-21-2011]
Started database file "preprocessed_fasta/BM-MetaSPADES.fasta"
Formatted 12596 sequences in volume 0
SUCCESS: formatted database preprocessed_fasta/BM-MetaSPADES.fasta

========================[ Jun 1, 2018 11:15 AM ]========================
Version 2.2.26 [Sep-21-2011]
Started database file "preprocessed_fasta/BM-CLC.fasta"
Formatted 6619 sequences in volume 0
SUCCESS: formatted database preprocessed_fasta/BM-CLC.fasta

========================[ Jun 1, 2018 11:15 AM ]========================
Version 2.2.26 [Sep-21-2011]
Started database file "preprocessed_fasta/BM-MEGAHIT.fasta"
Formatted 4636 sequences in volume 0
SUCCESS: formatted database preprocessed_fasta/BM-MEGAHIT.fasta

========================[ Jun 1, 2018 11:15 AM ]========================
Version 2.2.26 [Sep-21-2011]
Started database file "preprocessed_fasta/SH-Cluster.fasta"
Formatted 3794 sequences in volume 0
SUCCESS: formatted database preprocessed_fasta/SH-Cluster.fasta

========================[ Jun 4, 2018 10:31 AM ]========================
Version 2.2.26 [Sep-21-2011]
Started database file "preprocessed_fasta/CH-MetaSPADES.fasta"
Formatted 44994 sequences in volume 0
SUCCESS: formatted database preprocessed_fasta/CH-MetaSPADES.fasta

========================[ Jun 4, 2018 10:31 AM ]========================
Version 2.2.26 [Sep-21-2011]
Started database file "preprocessed_fasta/BM-MetaSPADES.fasta"
Formatted 12596 sequences in volume 0
SUCCESS: formatted database preprocessed_fasta/BM-MetaSPADES.fasta

========================[ Jun 4, 2018 10:31 AM ]========================
Version 2.2.26 [Sep-21-2011]
Started database file "preprocessed_fasta/BM-CLC.fasta"
Formatted 6619 sequences in volume 0
SUCCESS: formatted database preprocessed_fasta/BM-CLC.fasta

========================[ Jun 4, 2018 10:31 AM ]========================
Version 2.2.26 [Sep-21-2011]
Started database file "preprocessed_fasta/BM-MEGAHIT.fasta"
Formatted 4636 sequences in volume 0
SUCCESS: formatted database preprocessed_fasta/BM-MEGAHIT.fasta

========================[ Jun 4, 2018 10:31 AM ]========================
Version 2.2.26 [Sep-21-2011]
Started database file "preprocessed_fasta/SH-Cluster.fasta"
Formatted 3794 sequences in volume 0
SUCCESS: formatted database preprocessed_fasta/SH-Cluster.fasta

========================[ Jun 11, 2018  4:36 PM ]========================
Version 2.2.26 [Sep-21-2011]
Started database file "tagged_fasta/CH-MetaSPADES_tagged.fasta"
Formatted 44994 sequences in volume 0
SUCCESS: formatted database tagged_fasta/CH-MetaSPADES_tagged.fasta

========================[ Jun 11, 2018  4:36 PM ]========================
Version 2.2.26 [Sep-21-2011]
Started database file "tagged_fasta/BM-MetaSPADES_tagged.fasta"
Formatted 12596 sequences in volume 0
SUCCESS: formatted database tagged_fasta/BM-MetaSPADES_tagged.fasta

========================[ Jun 11, 2018  4:36 PM ]========================
Version 2.2.26 [Sep-21-2011]
Started database file "tagged_fasta/BM-CLC_tagged.fasta"
Formatted 6619 sequences in volume 0
SUCCESS: formatted database tagged_fasta/BM-CLC_tagged.fasta

========================[ Jun 11, 2018  4:36 PM ]========================
Version 2.2.26 [Sep-21-2011]
Started database file "tagged_fasta/BM-MEGAHIT_tagged.fasta"
Formatted 4636 sequences in volume 0
SUCCESS: formatted database tagged_fasta/BM-MEGAHIT_tagged.fasta

========================[ Jun 11, 2018  4:36 PM ]========================
Version 2.2.26 [Sep-21-2011]
Started database file "tagged_fasta/SH-CLC-Cluster_tagged.fasta"
Formatted 3794 sequences in volume 0
SUCCESS: formatted database tagged_fasta/SH-CLC-Cluster_tagged.fasta

========================[ Jun 12, 2018 10:14 AM ]========================
Version 2.2.26 [Sep-21-2011]
Started database file "tagged_fasta/CH-MetaSPADES_tagged.fasta"
Formatted 44994 sequences in volume 0
SUCCESS: formatted database tagged_fasta/CH-MetaSPADES_tagged.fasta

========================[ Jun 12, 2018 10:14 AM ]========================
Version 2.2.26 [Sep-21-2011]
Started database file "tagged_fasta/BM-MetaSPADES_tagged.fasta"
Formatted 12596 sequences in volume 0
SUCCESS: formatted database tagged_fasta/BM-MetaSPADES_tagged.fasta

========================[ Jun 12, 2018 10:14 AM ]========================
Version 2.2.26 [Sep-21-2011]
Started database file "tagged_fasta/BM-CLC_tagged.fasta"
Formatted 6619 sequences in volume 0
SUCCESS: formatted database tagged_fasta/BM-CLC_tagged.fasta

========================[ Jun 12, 2018 10:14 AM ]========================
Version 2.2.26 [Sep-21-2011]
Started database file "tagged_fasta/BM-MEGAHIT_tagged.fasta"
Formatted 4636 sequences in volume 0
SUCCESS: formatted database tagged_fasta/BM-MEGAHIT_tagged.fasta

========================[ Jun 12, 2018 10:14 AM ]========================
Version 2.2.26 [Sep-21-2011]
Started database file "tagged_fasta/SH-CLC-Cluster_tagged.fasta"
Formatted 3794 sequences in volume 0
SUCCESS: formatted database tagged_fasta/SH-CLC-Cluster_tagged.fasta

========================[ Jun 12, 2018 11:58 AM ]========================
Version 2.2.26 [Sep-21-2011]
Started database file "tagged_fasta/BM-CLC_tagged.fasta"
Formatted 6619 sequences in volume 0
SUCCESS: formatted database tagged_fasta/BM-CLC_tagged.fasta

========================[ Jun 12, 2018 12:04 PM ]========================
Version 2.2.26 [Sep-21-2011]
Started database file "tagged_fasta/CH-MetaSPADES_tagged.fasta"
Formatted 44994 sequences in volume 0
SUCCESS: formatted database tagged_fasta/CH-MetaSPADES_tagged.fasta

========================[ Jun 13, 2018 11:06 AM ]========================
Version 2.2.26 [Sep-21-2011]
Started database file "tagged_fasta/CH-MetaSPADES_tagged.fasta"
Formatted 44994 sequences in volume 0
SUCCESS: formatted database tagged_fasta/CH-MetaSPADES_tagged.fasta

========================[ Jun 13, 2018 11:06 AM ]========================
Version 2.2.26 [Sep-21-2011]
Started database file "tagged_fasta/BM-MetaSPADES_tagged.fasta"
Formatted 12596 sequences in volume 0
SUCCESS: formatted database tagged_fasta/BM-MetaSPADES_tagged.fasta

========================[ Jun 13, 2018 11:06 AM ]========================
Version 2.2.26 [Sep-21-2011]
Started database file "tagged_fasta/BM-CLC_tagged.fasta"
Formatted 6619 sequences in volume 0
SUCCESS: formatted database tagged_fasta/BM-CLC_tagged.fasta

========================[ Jun 13, 2018 11:06 AM ]========================
Version 2.2.26 [Sep-21-2011]
Started database file "tagged_fasta/BM-MEGAHIT_tagged.fasta"
Formatted 4636 sequences in volume 0
SUCCESS: formatted database tagged_fasta/BM-MEGAHIT_tagged.fasta

========================[ Jun 13, 2018 11:06 AM ]========================
Version 2.2.26 [Sep-21-2011]
Started database file "tagged_fasta/SH-CLC-Cluster_tagged.fasta"
Formatted 3794 sequences in volume 0
SUCCESS: formatted database tagged_fasta/SH-CLC-Cluster_tagged.fasta
